.buildozer/android/platform/build-arm64-v8a_armeabi-v7a/dists/magazayonetim/build/intermediates/manifest_merge_blame_file/debug/manifest-merger-blame-debug-report.txt
1<?xml version="1.0" encoding="utf-8"?>
2<!--
3 Replace org.libsdl.app with the identifier of your game below, e.g.
4     com.gamemaker.game
5-->
6<manifest xmlns:android="http://schemas.android.com/apk/res/android"
7    package="org.test.magazayonetim"
8    android:installLocation="auto"
9    android:versionCode="10211"
10    android:versionName="0.1" > <!-- Android 2.3.3 -->
11    <uses-sdk
11-->src/main/AndroidManifest.xml:21:5-74
12        android:minSdkVersion="21"
12-->src/main/AndroidManifest.xml:21:15-41
13        android:targetSdkVersion="31" />
13-->src/main/AndroidManifest.xml:21:42-71
14
15    <supports-screens
15-->src/main/AndroidManifest.xml:10:5-18:7
16        android:anyDensity="true"
16-->src/main/AndroidManifest.xml:14:13-38
17        android:largeScreens="true"
17-->src/main/AndroidManifest.xml:13:13-40
18        android:normalScreens="true"
18-->src/main/AndroidManifest.xml:12:13-41
19        android:smallScreens="true"
19-->src/main/AndroidManifest.xml:11:13-40
20        android:xlargeScreens="true" />
20-->src/main/AndroidManifest.xml:16:13-41
21
22    <!-- OpenGL ES 2.0 -->
23    <uses-feature android:glEsVersion="0x00020000" />
23-->src/main/AndroidManifest.xml:24:5-54
23-->src/main/AndroidManifest.xml:24:19-51
24
25    <!-- Set permissions -->
26
27    <uses-permission android:name="android.permission.WRITE_EXTERNAL_STORAGE" />
27-->src/main/AndroidManifest.xml:28:9-85
27-->src/main/AndroidManifest.xml:28:26-82
28    <uses-permission android:name="android.permission.READ_EXTERNAL_STORAGE" />
28-->src/main/AndroidManifest.xml:30:9-84
28-->src/main/AndroidManifest.xml:30:26-81
29    <uses-permission android:name="android.permission.INTERNET" />
29-->src/main/AndroidManifest.xml:32:9-71
29-->src/main/AndroidManifest.xml:32:26-68
30
31    <!--
32     Create a Java class extending SDLActivity and place it in a
33         directory under src matching the package, e.g.
34         	src/com/gamemaker/game/MyGame.java
35
36         then replace "SDLActivity" with the name of your class (e.g. "MyGame")
37         in the XML below.
38
39         An example Java class can be found in README-android.txt
40    -->
41    <application
41-->src/main/AndroidManifest.xml:51:5-92:19
42        android:allowBackup="true"
42-->src/main/AndroidManifest.xml:54:18-44
43        android:appComponentFactory="androidx.core.app.CoreComponentFactory"
43-->[androidx.core:core:1.6.0] AndroidManifest.xml:24:18-86
44        android:debuggable="true"
44-->src/main/AndroidManifest.xml:52:18-43
45        android:extractNativeLibs="true"
45-->src/main/AndroidManifest.xml:59:18-50
46        android:hardwareAccelerated="true"
46-->src/main/AndroidManifest.xml:58:18-52
47        android:icon="@mipmap/icon"
47-->src/main/AndroidManifest.xml:53:18-45
48        android:label="@string/app_name"
48-->src/main/AndroidManifest.xml:51:18-50
49        android:theme="@android:style/Theme.NoTitleBar" >
49-->src/main/AndroidManifest.xml:57:18-65
50        <meta-data
50-->src/main/AndroidManifest.xml:63:9-63
51            android:name="wakelock"
51-->src/main/AndroidManifest.xml:63:20-43
52            android:value="0" />
52-->src/main/AndroidManifest.xml:63:44-61
53
54        <activity
54-->src/main/AndroidManifest.xml:65:9-82:40
55            android:name="org.kivy.android.PythonActivity"
55-->src/main/AndroidManifest.xml:65:19-65
56            android:configChanges="mcc|mnc|locale|touchscreen|keyboard|keyboardHidden|navigation|orientation|screenLayout|fontScale|uiMode|uiMode|screenSize|smallestScreenSize|layoutDirection"
56-->src/main/AndroidManifest.xml:67:19-199
57            android:exported="true"
57-->src/main/AndroidManifest.xml:69:19-42
58            android:label="@string/app_name"
58-->src/main/AndroidManifest.xml:66:19-51
59            android:launchMode="singleTask"
59-->src/main/AndroidManifest.xml:71:19-50
60            android:screenOrientation="portrait" >
60-->src/main/AndroidManifest.xml:68:19-55
61            <intent-filter>
61-->src/main/AndroidManifest.xml:75:13-82:29
62                <action android:name="android.intent.action.MAIN" />
62-->src/main/AndroidManifest.xml:77:17-69
62-->src/main/AndroidManifest.xml:77:25-66
63
64                <category android:name="android.intent.category.LAUNCHER" />
64-->src/main/AndroidManifest.xml:78:17-77
64-->src/main/AndroidManifest.xml:78:27-74
65            </intent-filter>
66        </activity>
67    </application>
68
69</manifest>